<?xml version="1.0" encoding="UTF-8"?>
<testsuite xmlns:xsi="http://www.w3.org/2001/XMLSchema-instance" xsi:noNamespaceSchemaLocation="https://maven.apache.org/surefire/maven-surefire-plugin/xsd/surefire-test-report.xsd" name="parallel.RunCucumberTest" time="1.5" tests="1" errors="0" skipped="0" failures="1">
  <properties>
    <property name="sun.desktop" value="windows"/>
    <property name="awt.toolkit" value="sun.awt.windows.WToolkit"/>
    <property name="java.specification.version" value="9"/>
    <property name="file.encoding.pkg" value="sun.io"/>
    <property name="sun.cpu.isalist" value="amd64"/>
    <property name="sun.jnu.encoding" value="Cp1252"/>
    <property name="java.class.path" value="C:\TD_Assignment\target\test-classes;C:\TD_Assignment\target\classes;C:\Users\Hanumantha Rao\.m2\repository\org\seleniumhq\selenium\selenium-java\3.141.59\selenium-java-3.141.59.jar;C:\Users\Hanumantha Rao\.m2\repository\org\seleniumhq\selenium\selenium-api\3.141.59\selenium-api-3.141.59.jar;C:\Users\Hanumantha Rao\.m2\repository\org\seleniumhq\selenium\selenium-chrome-driver\3.141.59\selenium-chrome-driver-3.141.59.jar;C:\Users\Hanumantha Rao\.m2\repository\org\seleniumhq\selenium\selenium-edge-driver\3.141.59\selenium-edge-driver-3.141.59.jar;C:\Users\Hanumantha Rao\.m2\repository\org\seleniumhq\selenium\selenium-firefox-driver\3.141.59\selenium-firefox-driver-3.141.59.jar;C:\Users\Hanumantha Rao\.m2\repository\org\seleniumhq\selenium\selenium-ie-driver\3.141.59\selenium-ie-driver-3.141.59.jar;C:\Users\Hanumantha Rao\.m2\repository\org\seleniumhq\selenium\selenium-opera-driver\3.141.59\selenium-opera-driver-3.141.59.jar;C:\Users\Hanumantha Rao\.m2\repository\org\seleniumhq\selenium\selenium-remote-driver\3.141.59\selenium-remote-driver-3.141.59.jar;C:\Users\Hanumantha Rao\.m2\repository\org\seleniumhq\selenium\selenium-safari-driver\3.141.59\selenium-safari-driver-3.141.59.jar;C:\Users\Hanumantha Rao\.m2\repository\org\seleniumhq\selenium\selenium-support\3.141.59\selenium-support-3.141.59.jar;C:\Users\Hanumantha Rao\.m2\repository\net\bytebuddy\byte-buddy\1.8.15\byte-buddy-1.8.15.jar;C:\Users\Hanumantha Rao\.m2\repository\org\apache\commons\commons-exec\1.3\commons-exec-1.3.jar;C:\Users\Hanumantha Rao\.m2\repository\com\google\guava\guava\25.0-jre\guava-25.0-jre.jar;C:\Users\Hanumantha Rao\.m2\repository\com\google\code\findbugs\jsr305\1.3.9\jsr305-1.3.9.jar;C:\Users\Hanumantha Rao\.m2\repository\org\checkerframework\checker-compat-qual\2.0.0\checker-compat-qual-2.0.0.jar;C:\Users\Hanumantha Rao\.m2\repository\com\google\errorprone\error_prone_annotations\2.1.3\error_prone_annotations-2.1.3.jar;C:\Users\Hanumantha Rao\.m2\repository\com\google\j2objc\j2objc-annotations\1.1\j2objc-annotations-1.1.jar;C:\Users\Hanumantha Rao\.m2\repository\org\codehaus\mojo\animal-sniffer-annotations\1.14\animal-sniffer-annotations-1.14.jar;C:\Users\Hanumantha Rao\.m2\repository\com\squareup\okhttp3\okhttp\3.11.0\okhttp-3.11.0.jar;C:\Users\Hanumantha Rao\.m2\repository\com\squareup\okio\okio\1.14.0\okio-1.14.0.jar;C:\Users\Hanumantha Rao\.m2\repository\io\cucumber\cucumber-java\6.8.1\cucumber-java-6.8.1.jar;C:\Users\Hanumantha Rao\.m2\repository\io\cucumber\cucumber-core\6.8.1\cucumber-core-6.8.1.jar;C:\Users\Hanumantha Rao\.m2\repository\io\cucumber\cucumber-gherkin\6.8.1\cucumber-gherkin-6.8.1.jar;C:\Users\Hanumantha Rao\.m2\repository\io\cucumber\cucumber-gherkin-messages\6.8.1\cucumber-gherkin-messages-6.8.1.jar;C:\Users\Hanumantha Rao\.m2\repository\io\cucumber\messages\13.1.0\messages-13.1.0.jar;C:\Users\Hanumantha Rao\.m2\repository\io\cucumber\tag-expressions\3.0.0\tag-expressions-3.0.0.jar;C:\Users\Hanumantha Rao\.m2\repository\io\cucumber\cucumber-expressions\10.3.0\cucumber-expressions-10.3.0.jar;C:\Users\Hanumantha Rao\.m2\repository\io\cucumber\datatable\3.5.0\datatable-3.5.0.jar;C:\Users\Hanumantha Rao\.m2\repository\io\cucumber\cucumber-plugin\6.8.1\cucumber-plugin-6.8.1.jar;C:\Users\Hanumantha Rao\.m2\repository\io\cucumber\docstring\6.8.1\docstring-6.8.1.jar;C:\Users\Hanumantha Rao\.m2\repository\io\cucumber\html-formatter\9.0.0\html-formatter-9.0.0.jar;C:\Users\Hanumantha Rao\.m2\repository\io\cucumber\create-meta\2.0.2\create-meta-2.0.2.jar;C:\Users\Hanumantha Rao\.m2\repository\org\apiguardian\apiguardian-api\1.1.0\apiguardian-api-1.1.0.jar;C:\Users\Hanumantha Rao\.m2\repository\io\cucumber\cucumber-testng\6.8.1\cucumber-testng-6.8.1.jar;C:\Users\Hanumantha Rao\.m2\repository\org\testng\testng\7.1.0\testng-7.1.0.jar;C:\Users\Hanumantha Rao\.m2\repository\com\beust\jcommander\1.72\jcommander-1.72.jar;C:\Users\Hanumantha Rao\.m2\repository\com\google\inject\guice\4.1.0\guice-4.1.0-no_aop.jar;C:\Users\Hanumantha Rao\.m2\repository\javax\inject\javax.inject\1\javax.inject-1.jar;C:\Users\Hanumantha Rao\.m2\repository\aopalliance\aopalliance\1.0\aopalliance-1.0.jar;C:\Users\Hanumantha Rao\.m2\repository\org\yaml\snakeyaml\1.21\snakeyaml-1.21.jar;C:\Users\Hanumantha Rao\.m2\repository\io\cucumber\cucumber-picocontainer\6.8.1\cucumber-picocontainer-6.8.1.jar;C:\Users\Hanumantha Rao\.m2\repository\org\picocontainer\picocontainer\2.15\picocontainer-2.15.jar;C:\Users\Hanumantha Rao\.m2\repository\tech\grasshopper\extentreports-cucumber6-adapter\2.8.1\extentreports-cucumber6-adapter-2.8.1.jar;C:\Users\Hanumantha Rao\.m2\repository\tech\grasshopper\extent-pdf-report\1.7.1\extent-pdf-report-1.7.1.jar;C:\Users\Hanumantha Rao\.m2\repository\tech\grasshopper\cucumber-pdf-report\2.2.1\cucumber-pdf-report-2.2.1.jar;C:\Users\Hanumantha Rao\.m2\repository\org\apache\pdfbox\pdfbox\2.0.22\pdfbox-2.0.22.jar;C:\Users\Hanumantha Rao\.m2\repository\org\apache\pdfbox\fontbox\2.0.22\fontbox-2.0.22.jar;C:\Users\Hanumantha Rao\.m2\repository\org\knowm\xchart\xchart\3.8.0\xchart-3.8.0.jar;C:\Users\Hanumantha Rao\.m2\repository\de\erichseifert\vectorgraphics2d\VectorGraphics2D\0.13\VectorGraphics2D-0.13.jar;C:\Users\Hanumantha Rao\.m2\repository\de\rototor\pdfbox\graphics2d\0.30\graphics2d-0.30.jar;C:\Users\Hanumantha Rao\.m2\repository\com\madgag\animated-gif-lib\1.4\animated-gif-lib-1.4.jar;C:\Users\Hanumantha Rao\.m2\repository\tech\grasshopper\table-layout\1.2.0\table-layout-1.2.0.jar;C:\Users\Hanumantha Rao\.m2\repository\org\jsoup\jsoup\1.13.1\jsoup-1.13.1.jar;C:\Users\Hanumantha Rao\.m2\repository\com\aventstack\klov-reporter\5.0.6\klov-reporter-5.0.6.jar;C:\Users\Hanumantha Rao\.m2\repository\org\mongodb\bson\3.6.4\bson-3.6.4.jar;C:\Users\Hanumantha Rao\.m2\repository\org\apache\httpcomponents\httpclient\4.5.2\httpclient-4.5.2.jar;C:\Users\Hanumantha Rao\.m2\repository\commons-logging\commons-logging\1.2\commons-logging-1.2.jar;C:\Users\Hanumantha Rao\.m2\repository\commons-codec\commons-codec\1.9\commons-codec-1.9.jar;C:\Users\Hanumantha Rao\.m2\repository\org\apache\httpcomponents\httpmime\4.5.2\httpmime-4.5.2.jar;C:\Users\Hanumantha Rao\.m2\repository\org\mongodb\mongodb-driver\3.3.0\mongodb-driver-3.3.0.jar;C:\Users\Hanumantha Rao\.m2\repository\org\mongodb\mongodb-driver-core\3.3.0\mongodb-driver-core-3.3.0.jar;C:\Users\Hanumantha Rao\.m2\repository\com\aventstack\extentreports\5.0.8\extentreports-5.0.8.jar;C:\Users\Hanumantha Rao\.m2\repository\io\reactivex\rxjava3\rxjava\3.0.4\rxjava-3.0.4.jar;C:\Users\Hanumantha Rao\.m2\repository\org\reactivestreams\reactive-streams\1.0.3\reactive-streams-1.0.3.jar;C:\Users\Hanumantha Rao\.m2\repository\org\freemarker\freemarker\2.3.30\freemarker-2.3.30.jar;C:\Users\Hanumantha Rao\.m2\repository\org\projectlombok\lombok\1.18.12\lombok-1.18.12.jar;C:\Users\Hanumantha Rao\.m2\repository\com\google\code\gson\gson\2.8.6\gson-2.8.6.jar;C:\Users\Hanumantha Rao\.m2\repository\org\apache\maven\plugins\maven-dependency-plugin\3.2.0\maven-dependency-plugin-3.2.0.jar;C:\Users\Hanumantha Rao\.m2\repository\org\apache\maven\maven-artifact\3.1.1\maven-artifact-3.1.1.jar;C:\Users\Hanumantha Rao\.m2\repository\org\apache\maven\maven-plugin-api\3.1.1\maven-plugin-api-3.1.1.jar;C:\Users\Hanumantha Rao\.m2\repository\org\eclipse\sisu\org.eclipse.sisu.plexus\0.0.0.M5\org.eclipse.sisu.plexus-0.0.0.M5.jar;C:\Users\Hanumantha Rao\.m2\repository\javax\enterprise\cdi-api\1.0\cdi-api-1.0.jar;C:\Users\Hanumantha Rao\.m2\repository\javax\annotation\jsr250-api\1.0\jsr250-api-1.0.jar;C:\Users\Hanumantha Rao\.m2\repository\org\sonatype\sisu\sisu-guice\3.1.0\sisu-guice-3.1.0-no_aop.jar;C:\Users\Hanumantha Rao\.m2\repository\org\eclipse\sisu\org.eclipse.sisu.inject\0.0.0.M5\org.eclipse.sisu.inject-0.0.0.M5.jar;C:\Users\Hanumantha Rao\.m2\repository\org\apache\maven\maven-model\3.1.1\maven-model-3.1.1.jar;C:\Users\Hanumantha Rao\.m2\repository\org\apache\maven\maven-core\3.1.1\maven-core-3.1.1.jar;C:\Users\Hanumantha Rao\.m2\repository\org\apache\maven\maven-settings-builder\3.1.1\maven-settings-builder-3.1.1.jar;C:\Users\Hanumantha Rao\.m2\repository\org\apache\maven\maven-model-builder\3.1.1\maven-model-builder-3.1.1.jar;C:\Users\Hanumantha Rao\.m2\repository\org\eclipse\aether\aether-impl\0.9.0.M2\aether-impl-0.9.0.M2.jar;C:\Users\Hanumantha Rao\.m2\repository\org\codehaus\plexus\plexus-interpolation\1.19\plexus-interpolation-1.19.jar;C:\Users\Hanumantha Rao\.m2\repository\org\codehaus\plexus\plexus-classworlds\2.5.1\plexus-classworlds-2.5.1.jar;C:\Users\Hanumantha Rao\.m2\repository\org\codehaus\plexus\plexus-component-annotations\1.5.5\plexus-component-annotations-1.5.5.jar;C:\Users\Hanumantha Rao\.m2\repository\org\sonatype\plexus\plexus-sec-dispatcher\1.3\plexus-sec-dispatcher-1.3.jar;C:\Users\Hanumantha Rao\.m2\repository\org\sonatype\plexus\plexus-cipher\1.4\plexus-cipher-1.4.jar;C:\Users\Hanumantha Rao\.m2\repository\org\apache\maven\maven-repository-metadata\3.1.1\maven-repository-metadata-3.1.1.jar;C:\Users\Hanumantha Rao\.m2\repository\org\apache\maven\maven-settings\3.1.1\maven-settings-3.1.1.jar;C:\Users\Hanumantha Rao\.m2\repository\org\apache\maven\maven-aether-provider\3.1.1\maven-aether-provider-3.1.1.jar;C:\Users\Hanumantha Rao\.m2\repository\org\eclipse\aether\aether-spi\0.9.0.M2\aether-spi-0.9.0.M2.jar;C:\Users\Hanumantha Rao\.m2\repository\org\apache\maven\reporting\maven-reporting-api\3.0\maven-reporting-api-3.0.jar;C:\Users\Hanumantha Rao\.m2\repository\org\apache\maven\reporting\maven-reporting-impl\3.0.0\maven-reporting-impl-3.0.0.jar;C:\Users\Hanumantha Rao\.m2\repository\org\apache\maven\doxia\doxia-decoration-model\1.7.4\doxia-decoration-model-1.7.4.jar;C:\Users\Hanumantha Rao\.m2\repository\commons-io\commons-io\2.6\commons-io-2.6.jar;C:\Users\Hanumantha Rao\.m2\repository\org\apache\maven\doxia\doxia-sink-api\1.9.1\doxia-sink-api-1.9.1.jar;C:\Users\Hanumantha Rao\.m2\repository\org\apache\maven\doxia\doxia-logging-api\1.9.1\doxia-logging-api-1.9.1.jar;C:\Users\Hanumantha Rao\.m2\repository\org\apache\maven\doxia\doxia-core\1.9.1\doxia-core-1.9.1.jar;C:\Users\Hanumantha Rao\.m2\repository\org\codehaus\plexus\plexus-container-default\1.7.1\plexus-container-default-1.7.1.jar;C:\Users\Hanumantha Rao\.m2\repository\org\apache\xbean\xbean-reflect\3.7\xbean-reflect-3.7.jar;C:\Users\Hanumantha Rao\.m2\repository\com\google\collections\google-collections\1.0\google-collections-1.0.jar;C:\Users\Hanumantha Rao\.m2\repository\org\apache\httpcomponents\httpcore\4.4.11\httpcore-4.4.11.jar;C:\Users\Hanumantha Rao\.m2\repository\org\apache\maven\doxia\doxia-site-renderer\1.9.2\doxia-site-renderer-1.9.2.jar;C:\Users\Hanumantha Rao\.m2\repository\org\apache\maven\doxia\doxia-skin-model\1.9.2\doxia-skin-model-1.9.2.jar;C:\Users\Hanumantha Rao\.m2\repository\org\apache\maven\doxia\doxia-module-xhtml\1.9.1\doxia-module-xhtml-1.9.1.jar;C:\Users\Hanumantha Rao\.m2\repository\org\apache\maven\doxia\doxia-module-xhtml5\1.9.1\doxia-module-xhtml5-1.9.1.jar;C:\Users\Hanumantha Rao\.m2\repository\org\codehaus\plexus\plexus-i18n\1.0-beta-10\plexus-i18n-1.0-beta-10.jar;C:\Users\Hanumantha Rao\.m2\repository\org\codehaus\plexus\plexus-velocity\1.2\plexus-velocity-1.2.jar;C:\Users\Hanumantha Rao\.m2\repository\org\apache\velocity\velocity\1.7\velocity-1.7.jar;C:\Users\Hanumantha Rao\.m2\repository\commons-lang\commons-lang\2.4\commons-lang-2.4.jar;C:\Users\Hanumantha Rao\.m2\repository\org\apache\velocity\velocity-tools\2.0\velocity-tools-2.0.jar;C:\Users\Hanumantha Rao\.m2\repository\commons-beanutils\commons-beanutils\1.7.0\commons-beanutils-1.7.0.jar;C:\Users\Hanumantha Rao\.m2\repository\commons-digester\commons-digester\1.8\commons-digester-1.8.jar;C:\Users\Hanumantha Rao\.m2\repository\commons-chain\commons-chain\1.1\commons-chain-1.1.jar;C:\Users\Hanumantha Rao\.m2\repository\dom4j\dom4j\1.1\dom4j-1.1.jar;C:\Users\Hanumantha Rao\.m2\repository\oro\oro\2.0.8\oro-2.0.8.jar;C:\Users\Hanumantha Rao\.m2\repository\commons-collections\commons-collections\3.2.2\commons-collections-3.2.2.jar;C:\Users\Hanumantha Rao\.m2\repository\org\codehaus\plexus\plexus-archiver\4.2.2\plexus-archiver-4.2.2.jar;C:\Users\Hanumantha Rao\.m2\repository\org\apache\commons\commons-compress\1.20\commons-compress-1.20.jar;C:\Users\Hanumantha Rao\.m2\repository\org\iq80\snappy\snappy\0.4\snappy-0.4.jar;C:\Users\Hanumantha Rao\.m2\repository\org\tukaani\xz\1.8\xz-1.8.jar;C:\Users\Hanumantha Rao\.m2\repository\org\codehaus\plexus\plexus-utils\3.3.0\plexus-utils-3.3.0.jar;C:\Users\Hanumantha Rao\.m2\repository\org\codehaus\plexus\plexus-io\3.2.0\plexus-io-3.2.0.jar;C:\Users\Hanumantha Rao\.m2\repository\org\apache\maven\shared\maven-dependency-analyzer\1.11.3\maven-dependency-analyzer-1.11.3.jar;C:\Users\Hanumantha Rao\.m2\repository\org\ow2\asm\asm\8.0.1\asm-8.0.1.jar;C:\Users\Hanumantha Rao\.m2\repository\org\apache\maven\shared\maven-dependency-tree\3.0.1\maven-dependency-tree-3.0.1.jar;C:\Users\Hanumantha Rao\.m2\repository\org\apache\maven\shared\maven-common-artifact-filters\3.2.0\maven-common-artifact-filters-3.2.0.jar;C:\Users\Hanumantha Rao\.m2\repository\org\apache\maven\shared\maven-artifact-transfer\0.13.1\maven-artifact-transfer-0.13.1.jar;C:\Users\Hanumantha Rao\.m2\repository\org\slf4j\slf4j-api\1.7.5\slf4j-api-1.7.5.jar;C:\Users\Hanumantha Rao\.m2\repository\org\apache\maven\shared\maven-shared-utils\3.3.4\maven-shared-utils-3.3.4.jar;C:\Users\Hanumantha Rao\.m2\repository\org\apache\commons\commons-lang3\3.8.1\commons-lang3-3.8.1.jar;C:\Users\Hanumantha Rao\.m2\repository\org\apache\commons\commons-collections4\4.2\commons-collections4-4.2.jar;C:\Users\Hanumantha Rao\.m2\repository\classworlds\classworlds\1.1\classworlds-1.1.jar;C:\Users\Hanumantha Rao\.m2\repository\org\eclipse\aether\aether-api\0.9.0.M2\aether-api-0.9.0.M2.jar;C:\Users\Hanumantha Rao\.m2\repository\org\eclipse\aether\aether-util\0.9.0.M2\aether-util-0.9.0.M2.jar;C:\Users\Hanumantha Rao\.m2\repository\org\apache\maven\surefire\surefire-testng-utils\2.22.0\surefire-testng-utils-2.22.0.jar;C:\Users\Hanumantha Rao\.m2\repository\org\apache\maven\surefire\surefire-grouper\2.22.0\surefire-grouper-2.22.0.jar;"/>
    <property name="java.vm.vendor" value="Oracle Corporation"/>
    <property name="sun.arch.data.model" value="64"/>
    <property name="user.variant" value=""/>
    <property name="java.vendor.url" value="http://java.oracle.com/"/>
    <property name="user.timezone" value="America/New_York"/>
    <property name="java.vm.specification.version" value="9"/>
    <property name="os.name" value="Windows 10"/>
    <property name="sun.java.launcher" value="SUN_STANDARD"/>
    <property name="user.country" value="IN"/>
    <property name="sun.boot.library.path" value="C:\Program Files\Java\jre-9.0.4\bin"/>
    <property name="sun.java.command" value="C:\Users\HANUMA~1\AppData\Local\Temp\surefire8288078398463862671\surefirebooter6948865088872312276.jar C:\Users\Hanumantha Rao\AppData\Local\Temp\surefire8288078398463862671 2021-06-14T00-53-50_017-jvmRun1 surefire12756064909452591979tmp surefire_05170852745792685633tmp"/>
    <property name="jdk.debug" value="release"/>
    <property name="surefire.test.class.path" value="C:\TD_Assignment\target\test-classes;C:\TD_Assignment\target\classes;C:\Users\Hanumantha Rao\.m2\repository\org\seleniumhq\selenium\selenium-java\3.141.59\selenium-java-3.141.59.jar;C:\Users\Hanumantha Rao\.m2\repository\org\seleniumhq\selenium\selenium-api\3.141.59\selenium-api-3.141.59.jar;C:\Users\Hanumantha Rao\.m2\repository\org\seleniumhq\selenium\selenium-chrome-driver\3.141.59\selenium-chrome-driver-3.141.59.jar;C:\Users\Hanumantha Rao\.m2\repository\org\seleniumhq\selenium\selenium-edge-driver\3.141.59\selenium-edge-driver-3.141.59.jar;C:\Users\Hanumantha Rao\.m2\repository\org\seleniumhq\selenium\selenium-firefox-driver\3.141.59\selenium-firefox-driver-3.141.59.jar;C:\Users\Hanumantha Rao\.m2\repository\org\seleniumhq\selenium\selenium-ie-driver\3.141.59\selenium-ie-driver-3.141.59.jar;C:\Users\Hanumantha Rao\.m2\repository\org\seleniumhq\selenium\selenium-opera-driver\3.141.59\selenium-opera-driver-3.141.59.jar;C:\Users\Hanumantha Rao\.m2\repository\org\seleniumhq\selenium\selenium-remote-driver\3.141.59\selenium-remote-driver-3.141.59.jar;C:\Users\Hanumantha Rao\.m2\repository\org\seleniumhq\selenium\selenium-safari-driver\3.141.59\selenium-safari-driver-3.141.59.jar;C:\Users\Hanumantha Rao\.m2\repository\org\seleniumhq\selenium\selenium-support\3.141.59\selenium-support-3.141.59.jar;C:\Users\Hanumantha Rao\.m2\repository\net\bytebuddy\byte-buddy\1.8.15\byte-buddy-1.8.15.jar;C:\Users\Hanumantha Rao\.m2\repository\org\apache\commons\commons-exec\1.3\commons-exec-1.3.jar;C:\Users\Hanumantha Rao\.m2\repository\com\google\guava\guava\25.0-jre\guava-25.0-jre.jar;C:\Users\Hanumantha Rao\.m2\repository\com\google\code\findbugs\jsr305\1.3.9\jsr305-1.3.9.jar;C:\Users\Hanumantha Rao\.m2\repository\org\checkerframework\checker-compat-qual\2.0.0\checker-compat-qual-2.0.0.jar;C:\Users\Hanumantha Rao\.m2\repository\com\google\errorprone\error_prone_annotations\2.1.3\error_prone_annotations-2.1.3.jar;C:\Users\Hanumantha Rao\.m2\repository\com\google\j2objc\j2objc-annotations\1.1\j2objc-annotations-1.1.jar;C:\Users\Hanumantha Rao\.m2\repository\org\codehaus\mojo\animal-sniffer-annotations\1.14\animal-sniffer-annotations-1.14.jar;C:\Users\Hanumantha Rao\.m2\repository\com\squareup\okhttp3\okhttp\3.11.0\okhttp-3.11.0.jar;C:\Users\Hanumantha Rao\.m2\repository\com\squareup\okio\okio\1.14.0\okio-1.14.0.jar;C:\Users\Hanumantha Rao\.m2\repository\io\cucumber\cucumber-java\6.8.1\cucumber-java-6.8.1.jar;C:\Users\Hanumantha Rao\.m2\repository\io\cucumber\cucumber-core\6.8.1\cucumber-core-6.8.1.jar;C:\Users\Hanumantha Rao\.m2\repository\io\cucumber\cucumber-gherkin\6.8.1\cucumber-gherkin-6.8.1.jar;C:\Users\Hanumantha Rao\.m2\repository\io\cucumber\cucumber-gherkin-messages\6.8.1\cucumber-gherkin-messages-6.8.1.jar;C:\Users\Hanumantha Rao\.m2\repository\io\cucumber\messages\13.1.0\messages-13.1.0.jar;C:\Users\Hanumantha Rao\.m2\repository\io\cucumber\tag-expressions\3.0.0\tag-expressions-3.0.0.jar;C:\Users\Hanumantha Rao\.m2\repository\io\cucumber\cucumber-expressions\10.3.0\cucumber-expressions-10.3.0.jar;C:\Users\Hanumantha Rao\.m2\repository\io\cucumber\datatable\3.5.0\datatable-3.5.0.jar;C:\Users\Hanumantha Rao\.m2\repository\io\cucumber\cucumber-plugin\6.8.1\cucumber-plugin-6.8.1.jar;C:\Users\Hanumantha Rao\.m2\repository\io\cucumber\docstring\6.8.1\docstring-6.8.1.jar;C:\Users\Hanumantha Rao\.m2\repository\io\cucumber\html-formatter\9.0.0\html-formatter-9.0.0.jar;C:\Users\Hanumantha Rao\.m2\repository\io\cucumber\create-meta\2.0.2\create-meta-2.0.2.jar;C:\Users\Hanumantha Rao\.m2\repository\org\apiguardian\apiguardian-api\1.1.0\apiguardian-api-1.1.0.jar;C:\Users\Hanumantha Rao\.m2\repository\io\cucumber\cucumber-testng\6.8.1\cucumber-testng-6.8.1.jar;C:\Users\Hanumantha Rao\.m2\repository\org\testng\testng\7.1.0\testng-7.1.0.jar;C:\Users\Hanumantha Rao\.m2\repository\com\beust\jcommander\1.72\jcommander-1.72.jar;C:\Users\Hanumantha Rao\.m2\repository\com\google\inject\guice\4.1.0\guice-4.1.0-no_aop.jar;C:\Users\Hanumantha Rao\.m2\repository\javax\inject\javax.inject\1\javax.inject-1.jar;C:\Users\Hanumantha Rao\.m2\repository\aopalliance\aopalliance\1.0\aopalliance-1.0.jar;C:\Users\Hanumantha Rao\.m2\repository\org\yaml\snakeyaml\1.21\snakeyaml-1.21.jar;C:\Users\Hanumantha Rao\.m2\repository\io\cucumber\cucumber-picocontainer\6.8.1\cucumber-picocontainer-6.8.1.jar;C:\Users\Hanumantha Rao\.m2\repository\org\picocontainer\picocontainer\2.15\picocontainer-2.15.jar;C:\Users\Hanumantha Rao\.m2\repository\tech\grasshopper\extentreports-cucumber6-adapter\2.8.1\extentreports-cucumber6-adapter-2.8.1.jar;C:\Users\Hanumantha Rao\.m2\repository\tech\grasshopper\extent-pdf-report\1.7.1\extent-pdf-report-1.7.1.jar;C:\Users\Hanumantha Rao\.m2\repository\tech\grasshopper\cucumber-pdf-report\2.2.1\cucumber-pdf-report-2.2.1.jar;C:\Users\Hanumantha Rao\.m2\repository\org\apache\pdfbox\pdfbox\2.0.22\pdfbox-2.0.22.jar;C:\Users\Hanumantha Rao\.m2\repository\org\apache\pdfbox\fontbox\2.0.22\fontbox-2.0.22.jar;C:\Users\Hanumantha Rao\.m2\repository\org\knowm\xchart\xchart\3.8.0\xchart-3.8.0.jar;C:\Users\Hanumantha Rao\.m2\repository\de\erichseifert\vectorgraphics2d\VectorGraphics2D\0.13\VectorGraphics2D-0.13.jar;C:\Users\Hanumantha Rao\.m2\repository\de\rototor\pdfbox\graphics2d\0.30\graphics2d-0.30.jar;C:\Users\Hanumantha Rao\.m2\repository\com\madgag\animated-gif-lib\1.4\animated-gif-lib-1.4.jar;C:\Users\Hanumantha Rao\.m2\repository\tech\grasshopper\table-layout\1.2.0\table-layout-1.2.0.jar;C:\Users\Hanumantha Rao\.m2\repository\org\jsoup\jsoup\1.13.1\jsoup-1.13.1.jar;C:\Users\Hanumantha Rao\.m2\repository\com\aventstack\klov-reporter\5.0.6\klov-reporter-5.0.6.jar;C:\Users\Hanumantha Rao\.m2\repository\org\mongodb\bson\3.6.4\bson-3.6.4.jar;C:\Users\Hanumantha Rao\.m2\repository\org\apache\httpcomponents\httpclient\4.5.2\httpclient-4.5.2.jar;C:\Users\Hanumantha Rao\.m2\repository\commons-logging\commons-logging\1.2\commons-logging-1.2.jar;C:\Users\Hanumantha Rao\.m2\repository\commons-codec\commons-codec\1.9\commons-codec-1.9.jar;C:\Users\Hanumantha Rao\.m2\repository\org\apache\httpcomponents\httpmime\4.5.2\httpmime-4.5.2.jar;C:\Users\Hanumantha Rao\.m2\repository\org\mongodb\mongodb-driver\3.3.0\mongodb-driver-3.3.0.jar;C:\Users\Hanumantha Rao\.m2\repository\org\mongodb\mongodb-driver-core\3.3.0\mongodb-driver-core-3.3.0.jar;C:\Users\Hanumantha Rao\.m2\repository\com\aventstack\extentreports\5.0.8\extentreports-5.0.8.jar;C:\Users\Hanumantha Rao\.m2\repository\io\reactivex\rxjava3\rxjava\3.0.4\rxjava-3.0.4.jar;C:\Users\Hanumantha Rao\.m2\repository\org\reactivestreams\reactive-streams\1.0.3\reactive-streams-1.0.3.jar;C:\Users\Hanumantha Rao\.m2\repository\org\freemarker\freemarker\2.3.30\freemarker-2.3.30.jar;C:\Users\Hanumantha Rao\.m2\repository\org\projectlombok\lombok\1.18.12\lombok-1.18.12.jar;C:\Users\Hanumantha Rao\.m2\repository\com\google\code\gson\gson\2.8.6\gson-2.8.6.jar;C:\Users\Hanumantha Rao\.m2\repository\org\apache\maven\plugins\maven-dependency-plugin\3.2.0\maven-dependency-plugin-3.2.0.jar;C:\Users\Hanumantha Rao\.m2\repository\org\apache\maven\maven-artifact\3.1.1\maven-artifact-3.1.1.jar;C:\Users\Hanumantha Rao\.m2\repository\org\apache\maven\maven-plugin-api\3.1.1\maven-plugin-api-3.1.1.jar;C:\Users\Hanumantha Rao\.m2\repository\org\eclipse\sisu\org.eclipse.sisu.plexus\0.0.0.M5\org.eclipse.sisu.plexus-0.0.0.M5.jar;C:\Users\Hanumantha Rao\.m2\repository\javax\enterprise\cdi-api\1.0\cdi-api-1.0.jar;C:\Users\Hanumantha Rao\.m2\repository\javax\annotation\jsr250-api\1.0\jsr250-api-1.0.jar;C:\Users\Hanumantha Rao\.m2\repository\org\sonatype\sisu\sisu-guice\3.1.0\sisu-guice-3.1.0-no_aop.jar;C:\Users\Hanumantha Rao\.m2\repository\org\eclipse\sisu\org.eclipse.sisu.inject\0.0.0.M5\org.eclipse.sisu.inject-0.0.0.M5.jar;C:\Users\Hanumantha Rao\.m2\repository\org\apache\maven\maven-model\3.1.1\maven-model-3.1.1.jar;C:\Users\Hanumantha Rao\.m2\repository\org\apache\maven\maven-core\3.1.1\maven-core-3.1.1.jar;C:\Users\Hanumantha Rao\.m2\repository\org\apache\maven\maven-settings-builder\3.1.1\maven-settings-builder-3.1.1.jar;C:\Users\Hanumantha Rao\.m2\repository\org\apache\maven\maven-model-builder\3.1.1\maven-model-builder-3.1.1.jar;C:\Users\Hanumantha Rao\.m2\repository\org\eclipse\aether\aether-impl\0.9.0.M2\aether-impl-0.9.0.M2.jar;C:\Users\Hanumantha Rao\.m2\repository\org\codehaus\plexus\plexus-interpolation\1.19\plexus-interpolation-1.19.jar;C:\Users\Hanumantha Rao\.m2\repository\org\codehaus\plexus\plexus-classworlds\2.5.1\plexus-classworlds-2.5.1.jar;C:\Users\Hanumantha Rao\.m2\repository\org\codehaus\plexus\plexus-component-annotations\1.5.5\plexus-component-annotations-1.5.5.jar;C:\Users\Hanumantha Rao\.m2\repository\org\sonatype\plexus\plexus-sec-dispatcher\1.3\plexus-sec-dispatcher-1.3.jar;C:\Users\Hanumantha Rao\.m2\repository\org\sonatype\plexus\plexus-cipher\1.4\plexus-cipher-1.4.jar;C:\Users\Hanumantha Rao\.m2\repository\org\apache\maven\maven-repository-metadata\3.1.1\maven-repository-metadata-3.1.1.jar;C:\Users\Hanumantha Rao\.m2\repository\org\apache\maven\maven-settings\3.1.1\maven-settings-3.1.1.jar;C:\Users\Hanumantha Rao\.m2\repository\org\apache\maven\maven-aether-provider\3.1.1\maven-aether-provider-3.1.1.jar;C:\Users\Hanumantha Rao\.m2\repository\org\eclipse\aether\aether-spi\0.9.0.M2\aether-spi-0.9.0.M2.jar;C:\Users\Hanumantha Rao\.m2\repository\org\apache\maven\reporting\maven-reporting-api\3.0\maven-reporting-api-3.0.jar;C:\Users\Hanumantha Rao\.m2\repository\org\apache\maven\reporting\maven-reporting-impl\3.0.0\maven-reporting-impl-3.0.0.jar;C:\Users\Hanumantha Rao\.m2\repository\org\apache\maven\doxia\doxia-decoration-model\1.7.4\doxia-decoration-model-1.7.4.jar;C:\Users\Hanumantha Rao\.m2\repository\commons-io\commons-io\2.6\commons-io-2.6.jar;C:\Users\Hanumantha Rao\.m2\repository\org\apache\maven\doxia\doxia-sink-api\1.9.1\doxia-sink-api-1.9.1.jar;C:\Users\Hanumantha Rao\.m2\repository\org\apache\maven\doxia\doxia-logging-api\1.9.1\doxia-logging-api-1.9.1.jar;C:\Users\Hanumantha Rao\.m2\repository\org\apache\maven\doxia\doxia-core\1.9.1\doxia-core-1.9.1.jar;C:\Users\Hanumantha Rao\.m2\repository\org\codehaus\plexus\plexus-container-default\1.7.1\plexus-container-default-1.7.1.jar;C:\Users\Hanumantha Rao\.m2\repository\org\apache\xbean\xbean-reflect\3.7\xbean-reflect-3.7.jar;C:\Users\Hanumantha Rao\.m2\repository\com\google\collections\google-collections\1.0\google-collections-1.0.jar;C:\Users\Hanumantha Rao\.m2\repository\org\apache\httpcomponents\httpcore\4.4.11\httpcore-4.4.11.jar;C:\Users\Hanumantha Rao\.m2\repository\org\apache\maven\doxia\doxia-site-renderer\1.9.2\doxia-site-renderer-1.9.2.jar;C:\Users\Hanumantha Rao\.m2\repository\org\apache\maven\doxia\doxia-skin-model\1.9.2\doxia-skin-model-1.9.2.jar;C:\Users\Hanumantha Rao\.m2\repository\org\apache\maven\doxia\doxia-module-xhtml\1.9.1\doxia-module-xhtml-1.9.1.jar;C:\Users\Hanumantha Rao\.m2\repository\org\apache\maven\doxia\doxia-module-xhtml5\1.9.1\doxia-module-xhtml5-1.9.1.jar;C:\Users\Hanumantha Rao\.m2\repository\org\codehaus\plexus\plexus-i18n\1.0-beta-10\plexus-i18n-1.0-beta-10.jar;C:\Users\Hanumantha Rao\.m2\repository\org\codehaus\plexus\plexus-velocity\1.2\plexus-velocity-1.2.jar;C:\Users\Hanumantha Rao\.m2\repository\org\apache\velocity\velocity\1.7\velocity-1.7.jar;C:\Users\Hanumantha Rao\.m2\repository\commons-lang\commons-lang\2.4\commons-lang-2.4.jar;C:\Users\Hanumantha Rao\.m2\repository\org\apache\velocity\velocity-tools\2.0\velocity-tools-2.0.jar;C:\Users\Hanumantha Rao\.m2\repository\commons-beanutils\commons-beanutils\1.7.0\commons-beanutils-1.7.0.jar;C:\Users\Hanumantha Rao\.m2\repository\commons-digester\commons-digester\1.8\commons-digester-1.8.jar;C:\Users\Hanumantha Rao\.m2\repository\commons-chain\commons-chain\1.1\commons-chain-1.1.jar;C:\Users\Hanumantha Rao\.m2\repository\dom4j\dom4j\1.1\dom4j-1.1.jar;C:\Users\Hanumantha Rao\.m2\repository\oro\oro\2.0.8\oro-2.0.8.jar;C:\Users\Hanumantha Rao\.m2\repository\commons-collections\commons-collections\3.2.2\commons-collections-3.2.2.jar;C:\Users\Hanumantha Rao\.m2\repository\org\codehaus\plexus\plexus-archiver\4.2.2\plexus-archiver-4.2.2.jar;C:\Users\Hanumantha Rao\.m2\repository\org\apache\commons\commons-compress\1.20\commons-compress-1.20.jar;C:\Users\Hanumantha Rao\.m2\repository\org\iq80\snappy\snappy\0.4\snappy-0.4.jar;C:\Users\Hanumantha Rao\.m2\repository\org\tukaani\xz\1.8\xz-1.8.jar;C:\Users\Hanumantha Rao\.m2\repository\org\codehaus\plexus\plexus-utils\3.3.0\plexus-utils-3.3.0.jar;C:\Users\Hanumantha Rao\.m2\repository\org\codehaus\plexus\plexus-io\3.2.0\plexus-io-3.2.0.jar;C:\Users\Hanumantha Rao\.m2\repository\org\apache\maven\shared\maven-dependency-analyzer\1.11.3\maven-dependency-analyzer-1.11.3.jar;C:\Users\Hanumantha Rao\.m2\repository\org\ow2\asm\asm\8.0.1\asm-8.0.1.jar;C:\Users\Hanumantha Rao\.m2\repository\org\apache\maven\shared\maven-dependency-tree\3.0.1\maven-dependency-tree-3.0.1.jar;C:\Users\Hanumantha Rao\.m2\repository\org\apache\maven\shared\maven-common-artifact-filters\3.2.0\maven-common-artifact-filters-3.2.0.jar;C:\Users\Hanumantha Rao\.m2\repository\org\apache\maven\shared\maven-artifact-transfer\0.13.1\maven-artifact-transfer-0.13.1.jar;C:\Users\Hanumantha Rao\.m2\repository\org\slf4j\slf4j-api\1.7.5\slf4j-api-1.7.5.jar;C:\Users\Hanumantha Rao\.m2\repository\org\apache\maven\shared\maven-shared-utils\3.3.4\maven-shared-utils-3.3.4.jar;C:\Users\Hanumantha Rao\.m2\repository\org\apache\commons\commons-lang3\3.8.1\commons-lang3-3.8.1.jar;C:\Users\Hanumantha Rao\.m2\repository\org\apache\commons\commons-collections4\4.2\commons-collections4-4.2.jar;C:\Users\Hanumantha Rao\.m2\repository\classworlds\classworlds\1.1\classworlds-1.1.jar;C:\Users\Hanumantha Rao\.m2\repository\org\eclipse\aether\aether-api\0.9.0.M2\aether-api-0.9.0.M2.jar;C:\Users\Hanumantha Rao\.m2\repository\org\eclipse\aether\aether-util\0.9.0.M2\aether-util-0.9.0.M2.jar;C:\Users\Hanumantha Rao\.m2\repository\org\apache\maven\surefire\surefire-testng-utils\2.22.0\surefire-testng-utils-2.22.0.jar;C:\Users\Hanumantha Rao\.m2\repository\org\apache\maven\surefire\surefire-grouper\2.22.0\surefire-grouper-2.22.0.jar;"/>
    <property name="sun.cpu.endian" value="little"/>
    <property name="user.home" value="C:\Users\Hanumantha Rao"/>
    <property name="user.language" value="en"/>
    <property name="java.specification.vendor" value="Oracle Corporation"/>
    <property name="java.home" value="C:\Program Files\Java\jre-9.0.4"/>
    <property name="file.separator" value="\"/>
    <property name="basedir" value="C:\TD_Assignment"/>
    <property name="java.vm.compressedOopsMode" value="32-bit"/>
    <property name="line.separator" value="&#10;"/>
    <property name="java.vm.specification.vendor" value="Oracle Corporation"/>
    <property name="java.specification.name" value="Java Platform API Specification"/>
    <property name="java.awt.graphicsenv" value="sun.awt.Win32GraphicsEnvironment"/>
    <property name="surefire.real.class.path" value="C:\Users\HANUMA~1\AppData\Local\Temp\surefire8288078398463862671\surefirebooter6948865088872312276.jar"/>
    <property name="user.script" value=""/>
    <property name="sun.management.compiler" value="HotSpot 64-Bit Tiered Compilers"/>
    <property name="java.runtime.version" value="9.0.4+11"/>
    <property name="user.name" value="Hanumantha Rao"/>
    <property name="path.separator" value=";"/>
    <property name="os.version" value="10.0"/>
    <property name="java.runtime.name" value="Java(TM) SE Runtime Environment"/>
    <property name="file.encoding" value="Cp1252"/>
    <property name="java.vm.name" value="Java HotSpot(TM) 64-Bit Server VM"/>
    <property name="localRepository" value="C:\Users\Hanumantha Rao\.m2\repository"/>
    <property name="java.vendor.url.bug" value="http://bugreport.java.com/bugreport/"/>
    <property name="java.io.tmpdir" value="C:\Users\HANUMA~1\AppData\Local\Temp\"/>
    <property name="java.version" value="9.0.4"/>
    <property name="user.dir" value="C:\TD_Assignment"/>
    <property name="os.arch" value="amd64"/>
    <property name="java.vm.specification.name" value="Java Virtual Machine Specification"/>
    <property name="java.awt.printerjob" value="sun.awt.windows.WPrinterJob"/>
    <property name="sun.os.patch.level" value=""/>
    <property name="java.library.path" value="C:\Program Files\Java\jre-9.0.4\bin;C:\WINDOWS\Sun\Java\bin;C:\WINDOWS\system32;C:\WINDOWS;C:\Program Files (x86)\Intel\iCLS Client\;C:\ProgramData\Oracle\Java\javapath;C:\Program Files\Intel\iCLS Client\;C:\WINDOWS\system32;C:\WINDOWS;C:\WINDOWS\System32\Wbem;C:\WINDOWS\System32\WindowsPowerShell\v1.0\;C:\Program Files\Microsoft SQL Server\Client SDK\ODBC\110\Tools\Binn\;C:\Program Files (x86)\Microsoft SQL Server\120\Tools\Binn\ManagementStudio\;C:\Program Files (x86)\Microsoft SQL Server\120\Tools\Binn\;C:\Program Files\Microsoft SQL Server\120\Tools\Binn\;C:\Program Files (x86)\Microsoft SQL Server\120\DTS\Binn\;C:\Program Files\Microsoft SQL Server\120\DTS\Binn\;C:\Program Files (x86)\Intel\Intel(R) Management Engine Components\DAL;C:\Program Files\Intel\Intel(R) Management Engine Components\DAL;C:\Program Files (x86)\Intel\Intel(R) Management Engine Components\IPT;C:\Program Files\Intel\Intel(R) Management Engine Components\IPT;C:\WINDOWS\System32\OpenSSH\;C:\Users\Hanumantha Rao\AppData\Local\Microsoft\WindowsApps;C:\Program Files\Java\jre-9.0.4\bin;;."/>
    <property name="java.vm.info" value="mixed mode"/>
    <property name="java.vendor" value="Oracle Corporation"/>
    <property name="java.vm.version" value="9.0.4+11"/>
    <property name="sun.io.unicode.encoding" value="UnicodeLittle"/>
    <property name="java.class.version" value="53.0"/>
  </properties>
  <testcase name="setUpClass" classname="parallel.RunCucumberTest" time="1.276">
    <failure message="path must exist: C:\TD_Assignment\parallel" type="java.lang.IllegalArgumentException">java.lang.IllegalArgumentException: path must exist: C:\TD_Assignment\parallel
</failure>
  </testcase>
</testsuite>