<?xml version="1.0" encoding="UTF-8"?>
<!-- Generated by org.testng.reporters.JUnitReportReporter -->
<testsuite hostname="LAPTOP-KAJ214MO" failures="1" tests="2" name="parallel.RunCucumberIT" time="38.875" errors="0" timestamp="14 Jun 2021 03:55:03 GMT" skipped="0">
  <testcase classname="parallel.RunCucumberIT" name="runScenario" time="38.804"/>
  <testcase classname="parallel.RunCucumberIT" name="runScenario" time="0.071">
    <failure message="Invalid Browser: ie" type="java.lang.AssertionError">
      <![CDATA[java.lang.AssertionError: Invalid Browser: ieat org.testng.Assert.fail(Assert.java:96)at com.tdassignment.utilities.Utilities.getDriver(Utilities.java:47)at com.tdassignment.pages.PageBase.launchURL(PageBase.java:18)at parallel.StepsBase.setUp(StepsBase.java:25)]]>
    </failure>
  </testcase> <!-- runScenario -->
</testsuite> <!-- parallel.RunCucumberIT -->
