<?xml version="1.0" encoding="UTF-8"?>
<!-- Generated by org.testng.reporters.JUnitReportReporter -->
<testsuite hostname="LAPTOP-KAJ214MO" failures="0" tests="1" name="com.tdassignment.tests.TestRunner" time="64.253" errors="0" timestamp="14 Jun 2021 15:09:06 GMT" skipped="0">
  <testcase classname="com.tdassignment.tests.TestRunner" name="runScenario" time="64.253"/>
</testsuite> <!-- com.tdassignment.tests.TestRunner -->
