<?xml version="1.0" encoding="UTF-8"?>
<!-- Generated by org.testng.reporters.JUnitReportReporter -->
<testsuite hostname="LAPTOP-KAJ214MO" failures="0" tests="2" name="parallel.TestRunner" time="70.936" errors="0" timestamp="14 Jun 2021 03:39:10 GMT" skipped="0">
  <testcase classname="parallel.TestRunner" name="runScenario" time="46.559"/>
  <testcase classname="parallel.TestRunner" name="runScenario" time="24.377"/>
</testsuite> <!-- parallel.TestRunner -->
